[debug] [2024-05-08T11:53:49.164Z] ----------------------------------------------------------------------
[debug] [2024-05-08T11:53:49.167Z] Command:       C:\Program Files\nodejs\node.exe C:\Users\ilamr\AppData\Roaming\npm\node_modules\firebase-tools\lib\bin\firebase.js init
[debug] [2024-05-08T11:53:49.168Z] CLI Version:   13.8.0
[debug] [2024-05-08T11:53:49.169Z] Platform:      win32
[debug] [2024-05-08T11:53:49.169Z] Node Version:  v18.16.1
[debug] [2024-05-08T11:53:49.171Z] Time:          Wed May 08 2024 13:53:49 GMT+0200 (hora de verano de Europa central)
[debug] [2024-05-08T11:53:49.171Z] ----------------------------------------------------------------------
[debug] 
[debug] [2024-05-08T11:53:49.188Z] > command requires scopes: ["email","openid","https://www.googleapis.com/auth/cloudplatformprojects.readonly","https://www.googleapis.com/auth/firebase","https://www.googleapis.com/auth/cloud-platform"]
[debug] [2024-05-08T11:53:49.189Z] > authorizing via signed-in user (ilamriui@gmail.com)
[info] 
     ######## #### ########  ######## ########     ###     ######  ########
     ##        ##  ##     ## ##       ##     ##  ##   ##  ##       ##
     ######    ##  ########  ######   ########  #########  ######  ######
     ##        ##  ##    ##  ##       ##     ## ##     ##       ## ##
     ##       #### ##     ## ######## ########  ##     ##  ######  ########

You're about to initialize a Firebase project in this directory:

  C:\wamp64\www\FIT_Center-Project-

Before we get started, keep in mind:

  * You are currently outside your home directory

[info] 
=== Project Setup
[info] 
[info] First, let's associate this project directory with a Firebase project.
[info] You can create multiple project aliases by running firebase use --add, 
[info] but for now we'll just set up a default project.
[info] 
[info] i  If you want to create a project in a Google Cloud organization or folder, please use "firebase projects:create" instead, and return to this command when you've created the project. 
[debug] [2024-05-08T11:54:47.338Z] > refreshing access token with scopes: []
[debug] [2024-05-08T11:54:47.347Z] >>> [apiv2][query] POST https://www.googleapis.com/oauth2/v3/token [none]
[debug] [2024-05-08T11:54:47.348Z] >>> [apiv2][body] POST https://www.googleapis.com/oauth2/v3/token [omitted]
[debug] [2024-05-08T11:54:47.648Z] <<< [apiv2][status] POST https://www.googleapis.com/oauth2/v3/token 400
[debug] [2024-05-08T11:54:47.648Z] <<< [apiv2][body] POST https://www.googleapis.com/oauth2/v3/token [omitted]
[debug] [2024-05-08T11:54:47.650Z] >>> [apiv2][query] POST https://cloudresourcemanager.googleapis.com/v1/projects [none]
[debug] [2024-05-08T11:54:47.650Z] >>> [apiv2][body] POST https://cloudresourcemanager.googleapis.com/v1/projects {"projectId":"Fit-Center","name":"Fit-Center"}
[debug] [2024-05-08T11:54:48.385Z] <<< [apiv2][status] POST https://cloudresourcemanager.googleapis.com/v1/projects 401
[debug] [2024-05-08T11:54:48.386Z] <<< [apiv2][body] POST https://cloudresourcemanager.googleapis.com/v1/projects {"error":{"code":401,"message":"Request had invalid authentication credentials. Expected OAuth 2 access token, login cookie or other valid authentication credential. See https://developers.google.com/identity/sign-in/web/devconsole-project.","status":"UNAUTHENTICATED","details":[{"@type":"type.googleapis.com/google.rpc.ErrorInfo","reason":"ACCESS_TOKEN_TYPE_UNSUPPORTED","metadata":{"method":"google.cloudresourcemanager.v1.Projects.CreateProject","service":"cloudresourcemanager.googleapis.com"}}]}}
[debug] [2024-05-08T11:54:48.394Z] FirebaseError: HTTP Error: 401, Request had invalid authentication credentials. Expected OAuth 2 access token, login cookie or other valid authentication credential. See https://developers.google.com/identity/sign-in/web/devconsole-project.
    at responseToError (C:\Users\ilamr\AppData\Roaming\npm\node_modules\firebase-tools\lib\responseToError.js:49:12)
    at RetryOperation._fn (C:\Users\ilamr\AppData\Roaming\npm\node_modules\firebase-tools\lib\apiv2.js:305:77)
    at process.processTicksAndRejections (node:internal/process/task_queues:95:5)
[error] 
[error] Error: Failed to create project. See firebase-debug.log for more info.
[debug] [2024-05-08T11:55:20.571Z] ----------------------------------------------------------------------
[debug] [2024-05-08T11:55:20.581Z] Command:       C:\Program Files\nodejs\node.exe C:\Users\ilamr\AppData\Roaming\npm\node_modules\firebase-tools\lib\bin\firebase.js init
[debug] [2024-05-08T11:55:20.583Z] CLI Version:   13.8.0
[debug] [2024-05-08T11:55:20.584Z] Platform:      win32
[debug] [2024-05-08T11:55:20.584Z] Node Version:  v18.16.1
[debug] [2024-05-08T11:55:20.586Z] Time:          Wed May 08 2024 13:55:20 GMT+0200 (hora de verano de Europa central)
[debug] [2024-05-08T11:55:20.587Z] ----------------------------------------------------------------------
[debug] 
[debug] [2024-05-08T11:55:20.624Z] > command requires scopes: ["email","openid","https://www.googleapis.com/auth/cloudplatformprojects.readonly","https://www.googleapis.com/auth/firebase","https://www.googleapis.com/auth/cloud-platform"]
[debug] [2024-05-08T11:55:20.626Z] > authorizing via signed-in user (ilamriui@gmail.com)
[info] 
     ######## #### ########  ######## ########     ###     ######  ########
     ##        ##  ##     ## ##       ##     ##  ##   ##  ##       ##
     ######    ##  ########  ######   ########  #########  ######  ######
     ##        ##  ##    ##  ##       ##     ## ##     ##       ## ##
     ##       #### ##     ## ######## ########  ##     ##  ######  ########

You're about to initialize a Firebase project in this directory:

  C:\wamp64\www\FIT_Center-Project-

Before we get started, keep in mind:

  * You are currently outside your home directory

